Partition Merge report for DanceCentralRevolution
Thu Aug 03 20:35:24 2017
Quartus Prime Version 16.1.0 Build 196 10/24/2016 SJ Lite Edition


---------------------
; Table of Contents ;
---------------------
  1. Legal Notice
  2. Partition Merge Summary
  3. Partition Merge Netlist Types Used
  4. Connections to In-System Debugging Instance "auto_signaltap_0"
  5. Partition Merge Partition Statistics
  6. Partition Merge Partition Pin Processing
  7. Partition Merge Resource Usage Summary
  8. Partition Merge RAM Summary
  9. Partition Merge Messages



----------------
; Legal Notice ;
----------------
Copyright (C) 2016  Intel Corporation. All rights reserved.
Your use of Intel Corporation's design tools, logic functions 
and other software and tools, and its AMPP partner logic 
functions, and any output files from any of the foregoing 
(including device programming or simulation files), and any 
associated documentation or information are expressly subject 
to the terms and conditions of the Intel Program License 
Subscription Agreement, the Intel Quartus Prime License Agreement,
the Intel MegaCore Function License Agreement, or other 
applicable license agreement, including, without limitation, 
that your use is for the sole purpose of programming logic 
devices manufactured by Intel and sold by Intel or its 
authorized distributors.  Please refer to the applicable 
agreement for further details.



+-------------------------------------------------------------------------------+
; Partition Merge Summary                                                       ;
+---------------------------------+---------------------------------------------+
; Partition Merge Status          ; Successful - Thu Aug 03 20:35:24 2017       ;
; Quartus Prime Version           ; 16.1.0 Build 196 10/24/2016 SJ Lite Edition ;
; Revision Name                   ; DanceCentralRevolution                      ;
; Top-level Entity Name           ; DanceCentralRevolution                      ;
; Family                          ; Cyclone V                                   ;
; Logic utilization (in ALMs)     ; N/A                                         ;
; Total registers                 ; 1486                                        ;
; Total pins                      ; 58                                          ;
; Total virtual pins              ; 0                                           ;
; Total block memory bits         ; 11,392                                      ;
; Total DSP Blocks                ; 0                                           ;
; Total HSSI RX PCSs              ; 0                                           ;
; Total HSSI PMA RX Deserializers ; 0                                           ;
; Total HSSI TX PCSs              ; 0                                           ;
; Total HSSI PMA TX Serializers   ; 0                                           ;
; Total PLLs                      ; 0                                           ;
; Total DLLs                      ; 0                                           ;
+---------------------------------+---------------------------------------------+


+-------------------------------------------------------------------------------------------------------------------------------+
; Partition Merge Netlist Types Used                                                                                            ;
+--------------------------------+----------------+-------------------+------------------------+--------------------------------+
; Partition Name                 ; Partition Type ; Netlist Type Used ; Netlist Type Requested ; Partition Contents             ;
+--------------------------------+----------------+-------------------+------------------------+--------------------------------+
; Top                            ; User-created   ; Source File       ; Source File            ;                                ;
; sld_hub:auto_hub               ; Auto-generated ; Post-Synthesis    ; Post-Synthesis         ; sld_hub:auto_hub               ;
; sld_signaltap:auto_signaltap_0 ; Auto-generated ; Post-Synthesis    ; Post-Synthesis         ; sld_signaltap:auto_signaltap_0 ;
; hard_block:auto_generated_inst ; Auto-generated ; Source File       ; Source File            ; hard_block:auto_generated_inst ;
+--------------------------------+----------------+-------------------+------------------------+--------------------------------+


+-------------------------------------------------------------------------------------------------------------------------------------------------------------------------------------------------------------------------------------------------+
; Connections to In-System Debugging Instance "auto_signaltap_0"                                                                                                                                                                                  ;
+--------------------------------+--------------+-----------+--------------------------------+-------------------+-------------------------------------+------------------------------------------------------------------------------------------+
; Name                           ; Type         ; Status    ; Partition Name                 ; Netlist Type Used ; Actual Connection                   ; Details                                                                                  ;
+--------------------------------+--------------+-----------+--------------------------------+-------------------+-------------------------------------+------------------------------------------------------------------------------------------+
; ADC:adc|ADC_CS_N               ; post-fitting ; connected ; Top                            ; post-synthesis    ; ADC:adc|ADC_CS_N                    ; N/A                                                                                      ;
; ADC:adc|ADC_CS_N               ; post-fitting ; connected ; Top                            ; post-synthesis    ; ADC:adc|ADC_CS_N                    ; N/A                                                                                      ;
; ADC:adc|ADC_DIN                ; post-fitting ; connected ; Top                            ; post-synthesis    ; ADC:adc|ADC_DIN                     ; N/A                                                                                      ;
; ADC:adc|ADC_DIN                ; post-fitting ; connected ; Top                            ; post-synthesis    ; ADC:adc|ADC_DIN                     ; N/A                                                                                      ;
; ADC:adc|ADC_DIN~0              ; post-fitting ; connected ; Top                            ; post-synthesis    ; ADC:adc|ADC_DIN~0                   ; N/A                                                                                      ;
; ADC:adc|ADC_DIN~0              ; post-fitting ; connected ; Top                            ; post-synthesis    ; ADC:adc|ADC_DIN~0                   ; N/A                                                                                      ;
; ADC:adc|ADC_SCLK               ; post-fitting ; connected ; Top                            ; post-synthesis    ; ADC:adc|ADC_SCLK                    ; N/A                                                                                      ;
; ADC:adc|ADC_SCLK               ; post-fitting ; connected ; Top                            ; post-synthesis    ; ADC:adc|ADC_SCLK                    ; N/A                                                                                      ;
; ADC:adc|Mux0~0                 ; post-fitting ; connected ; Top                            ; post-synthesis    ; ADC:adc|Mux0~0                      ; N/A                                                                                      ;
; ADC:adc|Mux0~0                 ; post-fitting ; connected ; Top                            ; post-synthesis    ; ADC:adc|Mux0~0                      ; N/A                                                                                      ;
; ADC:adc|Selector0~0            ; post-fitting ; connected ; Top                            ; post-synthesis    ; ADC:adc|Selector0~0                 ; N/A                                                                                      ;
; ADC:adc|Selector0~0            ; post-fitting ; connected ; Top                            ; post-synthesis    ; ADC:adc|Selector0~0                 ; N/A                                                                                      ;
; ADC:adc|Selector1~0            ; post-fitting ; connected ; Top                            ; post-synthesis    ; ADC:adc|Selector1~0                 ; N/A                                                                                      ;
; ADC:adc|Selector1~0            ; post-fitting ; connected ; Top                            ; post-synthesis    ; ADC:adc|Selector1~0                 ; N/A                                                                                      ;
; ADC:adc|Selector2~0            ; post-fitting ; connected ; Top                            ; post-synthesis    ; ADC:adc|Selector2~0                 ; N/A                                                                                      ;
; ADC:adc|Selector2~0            ; post-fitting ; connected ; Top                            ; post-synthesis    ; ADC:adc|Selector2~0                 ; N/A                                                                                      ;
; ADC:adc|addr[0]~3              ; post-fitting ; missing   ; Top                            ; post-synthesis    ; GND                                 ; The post-fitting netlist is not being used.  Set the partition's netlist type to source. ;
; ADC:adc|addr[0]~3              ; post-fitting ; missing   ; Top                            ; post-synthesis    ; GND                                 ; The post-fitting netlist is not being used.  Set the partition's netlist type to source. ;
; ADC:adc|addr[1]~2              ; post-fitting ; connected ; Top                            ; post-synthesis    ; ADC:adc|addr[1]~2                   ; N/A                                                                                      ;
; ADC:adc|addr[1]~2              ; post-fitting ; connected ; Top                            ; post-synthesis    ; ADC:adc|addr[1]~2                   ; N/A                                                                                      ;
; ADC:adc|addr[2]~0              ; post-fitting ; connected ; Top                            ; post-synthesis    ; ADC:adc|addr[2]~0                   ; N/A                                                                                      ;
; ADC:adc|addr[2]~0              ; post-fitting ; connected ; Top                            ; post-synthesis    ; ADC:adc|addr[2]~0                   ; N/A                                                                                      ;
; ADC:adc|addr[2]~1              ; post-fitting ; missing   ; Top                            ; post-synthesis    ; GND                                 ; The post-fitting netlist is not being used.  Set the partition's netlist type to source. ;
; ADC:adc|addr[2]~1              ; post-fitting ; missing   ; Top                            ; post-synthesis    ; GND                                 ; The post-fitting netlist is not being used.  Set the partition's netlist type to source. ;
; ADC:adc|buffer[0]              ; post-fitting ; connected ; Top                            ; post-synthesis    ; ADC:adc|buffer[0]                   ; N/A                                                                                      ;
; ADC:adc|buffer[0]              ; post-fitting ; connected ; Top                            ; post-synthesis    ; ADC:adc|buffer[0]                   ; N/A                                                                                      ;
; ADC:adc|buffer[0]~feeder       ; post-fitting ; missing   ; Top                            ; post-synthesis    ; GND                                 ; The post-fitting netlist is not being used.  Set the partition's netlist type to source. ;
; ADC:adc|buffer[0]~feeder       ; post-fitting ; missing   ; Top                            ; post-synthesis    ; GND                                 ; The post-fitting netlist is not being used.  Set the partition's netlist type to source. ;
; ADC:adc|buffer[10]             ; post-fitting ; connected ; Top                            ; post-synthesis    ; ADC:adc|buffer[10]                  ; N/A                                                                                      ;
; ADC:adc|buffer[10]             ; post-fitting ; connected ; Top                            ; post-synthesis    ; ADC:adc|buffer[10]                  ; N/A                                                                                      ;
; ADC:adc|buffer[11]             ; post-fitting ; connected ; Top                            ; post-synthesis    ; ADC:adc|buffer[11]                  ; N/A                                                                                      ;
; ADC:adc|buffer[11]             ; post-fitting ; connected ; Top                            ; post-synthesis    ; ADC:adc|buffer[11]                  ; N/A                                                                                      ;
; ADC:adc|buffer[12]             ; post-fitting ; connected ; Top                            ; post-synthesis    ; ADC:adc|buffer[12]                  ; N/A                                                                                      ;
; ADC:adc|buffer[12]             ; post-fitting ; connected ; Top                            ; post-synthesis    ; ADC:adc|buffer[12]                  ; N/A                                                                                      ;
; ADC:adc|buffer[12]~feeder      ; post-fitting ; missing   ; Top                            ; post-synthesis    ; GND                                 ; The post-fitting netlist is not being used.  Set the partition's netlist type to source. ;
; ADC:adc|buffer[12]~feeder      ; post-fitting ; missing   ; Top                            ; post-synthesis    ; GND                                 ; The post-fitting netlist is not being used.  Set the partition's netlist type to source. ;
; ADC:adc|buffer[13]             ; post-fitting ; connected ; Top                            ; post-synthesis    ; ADC:adc|buffer[13]                  ; N/A                                                                                      ;
; ADC:adc|buffer[13]             ; post-fitting ; connected ; Top                            ; post-synthesis    ; ADC:adc|buffer[13]                  ; N/A                                                                                      ;
; ADC:adc|buffer[14]             ; post-fitting ; connected ; Top                            ; post-synthesis    ; ADC:adc|buffer[14]                  ; N/A                                                                                      ;
; ADC:adc|buffer[14]             ; post-fitting ; connected ; Top                            ; post-synthesis    ; ADC:adc|buffer[14]                  ; N/A                                                                                      ;
; ADC:adc|buffer[1]              ; post-fitting ; connected ; Top                            ; post-synthesis    ; ADC:adc|buffer[1]                   ; N/A                                                                                      ;
; ADC:adc|buffer[1]              ; post-fitting ; connected ; Top                            ; post-synthesis    ; ADC:adc|buffer[1]                   ; N/A                                                                                      ;
; ADC:adc|buffer[1]~feeder       ; post-fitting ; missing   ; Top                            ; post-synthesis    ; GND                                 ; The post-fitting netlist is not being used.  Set the partition's netlist type to source. ;
; ADC:adc|buffer[1]~feeder       ; post-fitting ; missing   ; Top                            ; post-synthesis    ; GND                                 ; The post-fitting netlist is not being used.  Set the partition's netlist type to source. ;
; ADC:adc|buffer[2]              ; post-fitting ; connected ; Top                            ; post-synthesis    ; ADC:adc|buffer[2]                   ; N/A                                                                                      ;
; ADC:adc|buffer[2]              ; post-fitting ; connected ; Top                            ; post-synthesis    ; ADC:adc|buffer[2]                   ; N/A                                                                                      ;
; ADC:adc|buffer[3]              ; post-fitting ; connected ; Top                            ; post-synthesis    ; ADC:adc|buffer[3]                   ; N/A                                                                                      ;
; ADC:adc|buffer[3]              ; post-fitting ; connected ; Top                            ; post-synthesis    ; ADC:adc|buffer[3]                   ; N/A                                                                                      ;
; ADC:adc|buffer[4]              ; post-fitting ; connected ; Top                            ; post-synthesis    ; ADC:adc|buffer[4]                   ; N/A                                                                                      ;
; ADC:adc|buffer[4]              ; post-fitting ; connected ; Top                            ; post-synthesis    ; ADC:adc|buffer[4]                   ; N/A                                                                                      ;
; ADC:adc|buffer[4]~feeder       ; post-fitting ; missing   ; Top                            ; post-synthesis    ; GND                                 ; The post-fitting netlist is not being used.  Set the partition's netlist type to source. ;
; ADC:adc|buffer[4]~feeder       ; post-fitting ; missing   ; Top                            ; post-synthesis    ; GND                                 ; The post-fitting netlist is not being used.  Set the partition's netlist type to source. ;
; ADC:adc|buffer[5]              ; post-fitting ; connected ; Top                            ; post-synthesis    ; ADC:adc|buffer[5]                   ; N/A                                                                                      ;
; ADC:adc|buffer[5]              ; post-fitting ; connected ; Top                            ; post-synthesis    ; ADC:adc|buffer[5]                   ; N/A                                                                                      ;
; ADC:adc|buffer[6]              ; post-fitting ; connected ; Top                            ; post-synthesis    ; ADC:adc|buffer[6]                   ; N/A                                                                                      ;
; ADC:adc|buffer[6]              ; post-fitting ; connected ; Top                            ; post-synthesis    ; ADC:adc|buffer[6]                   ; N/A                                                                                      ;
; ADC:adc|buffer[7]              ; post-fitting ; connected ; Top                            ; post-synthesis    ; ADC:adc|buffer[7]                   ; N/A                                                                                      ;
; ADC:adc|buffer[7]              ; post-fitting ; connected ; Top                            ; post-synthesis    ; ADC:adc|buffer[7]                   ; N/A                                                                                      ;
; ADC:adc|buffer[8]              ; post-fitting ; connected ; Top                            ; post-synthesis    ; ADC:adc|buffer[8]                   ; N/A                                                                                      ;
; ADC:adc|buffer[8]              ; post-fitting ; connected ; Top                            ; post-synthesis    ; ADC:adc|buffer[8]                   ; N/A                                                                                      ;
; ADC:adc|buffer[8]~feeder       ; post-fitting ; missing   ; Top                            ; post-synthesis    ; GND                                 ; The post-fitting netlist is not being used.  Set the partition's netlist type to source. ;
; ADC:adc|buffer[8]~feeder       ; post-fitting ; missing   ; Top                            ; post-synthesis    ; GND                                 ; The post-fitting netlist is not being used.  Set the partition's netlist type to source. ;
; ADC:adc|buffer[9]              ; post-fitting ; connected ; Top                            ; post-synthesis    ; ADC:adc|buffer[9]                   ; N/A                                                                                      ;
; ADC:adc|buffer[9]              ; post-fitting ; connected ; Top                            ; post-synthesis    ; ADC:adc|buffer[9]                   ; N/A                                                                                      ;
; ADC:adc|buffer[9]~DUPLICATE    ; post-fitting ; missing   ; Top                            ; post-synthesis    ; GND                                 ; The post-fitting netlist is not being used.  Set the partition's netlist type to source. ;
; ADC:adc|buffer[9]~DUPLICATE    ; post-fitting ; missing   ; Top                            ; post-synthesis    ; GND                                 ; The post-fitting netlist is not being used.  Set the partition's netlist type to source. ;
; ADC:adc|buffer[9]~feeder       ; post-fitting ; missing   ; Top                            ; post-synthesis    ; GND                                 ; The post-fitting netlist is not being used.  Set the partition's netlist type to source. ;
; ADC:adc|buffer[9]~feeder       ; post-fitting ; missing   ; Top                            ; post-synthesis    ; GND                                 ; The post-fitting netlist is not being used.  Set the partition's netlist type to source. ;
; ADC:adc|count[0]~3             ; post-fitting ; connected ; Top                            ; post-synthesis    ; ADC:adc|count[0]~3                  ; N/A                                                                                      ;
; ADC:adc|count[0]~3             ; post-fitting ; connected ; Top                            ; post-synthesis    ; ADC:adc|count[0]~3                  ; N/A                                                                                      ;
; ADC:adc|count[0]~DUPLICATE     ; post-fitting ; missing   ; Top                            ; post-synthesis    ; GND                                 ; The post-fitting netlist is not being used.  Set the partition's netlist type to source. ;
; ADC:adc|count[0]~DUPLICATE     ; post-fitting ; missing   ; Top                            ; post-synthesis    ; GND                                 ; The post-fitting netlist is not being used.  Set the partition's netlist type to source. ;
; ADC:adc|count[1]~2             ; post-fitting ; connected ; Top                            ; post-synthesis    ; ADC:adc|count[1]~2                  ; N/A                                                                                      ;
; ADC:adc|count[1]~2             ; post-fitting ; connected ; Top                            ; post-synthesis    ; ADC:adc|count[1]~2                  ; N/A                                                                                      ;
; ADC:adc|count[1]~DUPLICATE     ; post-fitting ; missing   ; Top                            ; post-synthesis    ; GND                                 ; The post-fitting netlist is not being used.  Set the partition's netlist type to source. ;
; ADC:adc|count[1]~DUPLICATE     ; post-fitting ; missing   ; Top                            ; post-synthesis    ; GND                                 ; The post-fitting netlist is not being used.  Set the partition's netlist type to source. ;
; ADC:adc|count[2]~1             ; post-fitting ; connected ; Top                            ; post-synthesis    ; ADC:adc|count[2]~1                  ; N/A                                                                                      ;
; ADC:adc|count[2]~1             ; post-fitting ; connected ; Top                            ; post-synthesis    ; ADC:adc|count[2]~1                  ; N/A                                                                                      ;
; ADC:adc|count[3]~0             ; post-fitting ; connected ; Top                            ; post-synthesis    ; ADC:adc|count[3]~0                  ; N/A                                                                                      ;
; ADC:adc|count[3]~0             ; post-fitting ; connected ; Top                            ; post-synthesis    ; ADC:adc|count[3]~0                  ; N/A                                                                                      ;
; ADC:adc|data[1][10]            ; post-fitting ; missing   ; Top                            ; post-synthesis    ; GND                                 ; The post-fitting netlist is not being used.  Set the partition's netlist type to source. ;
; ADC:adc|data[1][10]            ; post-fitting ; missing   ; Top                            ; post-synthesis    ; GND                                 ; The post-fitting netlist is not being used.  Set the partition's netlist type to source. ;
; ADC:adc|data[1][11]            ; post-fitting ; missing   ; Top                            ; post-synthesis    ; GND                                 ; The post-fitting netlist is not being used.  Set the partition's netlist type to source. ;
; ADC:adc|data[1][11]            ; post-fitting ; missing   ; Top                            ; post-synthesis    ; GND                                 ; The post-fitting netlist is not being used.  Set the partition's netlist type to source. ;
; ADC:adc|data[1][11]~0          ; post-fitting ; missing   ; Top                            ; post-synthesis    ; GND                                 ; The post-fitting netlist is not being used.  Set the partition's netlist type to source. ;
; ADC:adc|data[1][11]~0          ; post-fitting ; missing   ; Top                            ; post-synthesis    ; GND                                 ; The post-fitting netlist is not being used.  Set the partition's netlist type to source. ;
; ADC:adc|data[1][11]~DUPLICATE  ; post-fitting ; missing   ; Top                            ; post-synthesis    ; GND                                 ; The post-fitting netlist is not being used.  Set the partition's netlist type to source. ;
; ADC:adc|data[1][11]~DUPLICATE  ; post-fitting ; missing   ; Top                            ; post-synthesis    ; GND                                 ; The post-fitting netlist is not being used.  Set the partition's netlist type to source. ;
; ADC:adc|data[1][1]             ; post-fitting ; missing   ; Top                            ; post-synthesis    ; GND                                 ; The post-fitting netlist is not being used.  Set the partition's netlist type to source. ;
; ADC:adc|data[1][1]             ; post-fitting ; missing   ; Top                            ; post-synthesis    ; GND                                 ; The post-fitting netlist is not being used.  Set the partition's netlist type to source. ;
; ADC:adc|data[1][2]             ; post-fitting ; missing   ; Top                            ; post-synthesis    ; GND                                 ; The post-fitting netlist is not being used.  Set the partition's netlist type to source. ;
; ADC:adc|data[1][2]             ; post-fitting ; missing   ; Top                            ; post-synthesis    ; GND                                 ; The post-fitting netlist is not being used.  Set the partition's netlist type to source. ;
; ADC:adc|data[1][2]~DUPLICATE   ; post-fitting ; missing   ; Top                            ; post-synthesis    ; GND                                 ; The post-fitting netlist is not being used.  Set the partition's netlist type to source. ;
; ADC:adc|data[1][2]~DUPLICATE   ; post-fitting ; missing   ; Top                            ; post-synthesis    ; GND                                 ; The post-fitting netlist is not being used.  Set the partition's netlist type to source. ;
; ADC:adc|data[1][3]             ; post-fitting ; missing   ; Top                            ; post-synthesis    ; GND                                 ; The post-fitting netlist is not being used.  Set the partition's netlist type to source. ;
; ADC:adc|data[1][3]             ; post-fitting ; missing   ; Top                            ; post-synthesis    ; GND                                 ; The post-fitting netlist is not being used.  Set the partition's netlist type to source. ;
; ADC:adc|data[1][4]             ; post-fitting ; missing   ; Top                            ; post-synthesis    ; GND                                 ; The post-fitting netlist is not being used.  Set the partition's netlist type to source. ;
; ADC:adc|data[1][4]             ; post-fitting ; missing   ; Top                            ; post-synthesis    ; GND                                 ; The post-fitting netlist is not being used.  Set the partition's netlist type to source. ;
; ADC:adc|data[1][5]             ; post-fitting ; missing   ; Top                            ; post-synthesis    ; GND                                 ; The post-fitting netlist is not being used.  Set the partition's netlist type to source. ;
; ADC:adc|data[1][5]             ; post-fitting ; missing   ; Top                            ; post-synthesis    ; GND                                 ; The post-fitting netlist is not being used.  Set the partition's netlist type to source. ;
; ADC:adc|data[1][5]~DUPLICATE   ; post-fitting ; missing   ; Top                            ; post-synthesis    ; GND                                 ; The post-fitting netlist is not being used.  Set the partition's netlist type to source. ;
; ADC:adc|data[1][5]~DUPLICATE   ; post-fitting ; missing   ; Top                            ; post-synthesis    ; GND                                 ; The post-fitting netlist is not being used.  Set the partition's netlist type to source. ;
; ADC:adc|data[1][6]             ; post-fitting ; missing   ; Top                            ; post-synthesis    ; GND                                 ; The post-fitting netlist is not being used.  Set the partition's netlist type to source. ;
; ADC:adc|data[1][6]             ; post-fitting ; missing   ; Top                            ; post-synthesis    ; GND                                 ; The post-fitting netlist is not being used.  Set the partition's netlist type to source. ;
; ADC:adc|data[1][6]~DUPLICATE   ; post-fitting ; missing   ; Top                            ; post-synthesis    ; GND                                 ; The post-fitting netlist is not being used.  Set the partition's netlist type to source. ;
; ADC:adc|data[1][6]~DUPLICATE   ; post-fitting ; missing   ; Top                            ; post-synthesis    ; GND                                 ; The post-fitting netlist is not being used.  Set the partition's netlist type to source. ;
; ADC:adc|data[1][7]             ; post-fitting ; missing   ; Top                            ; post-synthesis    ; GND                                 ; The post-fitting netlist is not being used.  Set the partition's netlist type to source. ;
; ADC:adc|data[1][7]             ; post-fitting ; missing   ; Top                            ; post-synthesis    ; GND                                 ; The post-fitting netlist is not being used.  Set the partition's netlist type to source. ;
; ADC:adc|data[1][8]             ; post-fitting ; missing   ; Top                            ; post-synthesis    ; GND                                 ; The post-fitting netlist is not being used.  Set the partition's netlist type to source. ;
; ADC:adc|data[1][8]             ; post-fitting ; missing   ; Top                            ; post-synthesis    ; GND                                 ; The post-fitting netlist is not being used.  Set the partition's netlist type to source. ;
; ADC:adc|data[1][9]             ; post-fitting ; missing   ; Top                            ; post-synthesis    ; GND                                 ; The post-fitting netlist is not being used.  Set the partition's netlist type to source. ;
; ADC:adc|data[1][9]             ; post-fitting ; missing   ; Top                            ; post-synthesis    ; GND                                 ; The post-fitting netlist is not being used.  Set the partition's netlist type to source. ;
; ADC:adc|state.CYCLE0           ; post-fitting ; connected ; Top                            ; post-synthesis    ; ADC:adc|state.CYCLE0                ; N/A                                                                                      ;
; ADC:adc|state.CYCLE0           ; post-fitting ; connected ; Top                            ; post-synthesis    ; ADC:adc|state.CYCLE0                ; N/A                                                                                      ;
; ADC:adc|state.CYCLE1           ; post-fitting ; connected ; Top                            ; post-synthesis    ; ADC:adc|state.CYCLE1                ; N/A                                                                                      ;
; ADC:adc|state.CYCLE1           ; post-fitting ; connected ; Top                            ; post-synthesis    ; ADC:adc|state.CYCLE1                ; N/A                                                                                      ;
; ADC:adc|state.CYCLE2           ; post-fitting ; connected ; Top                            ; post-synthesis    ; ADC:adc|state.CYCLE2                ; N/A                                                                                      ;
; ADC:adc|state.CYCLE2           ; post-fitting ; connected ; Top                            ; post-synthesis    ; ADC:adc|state.CYCLE2                ; N/A                                                                                      ;
; ADC:adc|state.CYCLE2~DUPLICATE ; post-fitting ; missing   ; Top                            ; post-synthesis    ; GND                                 ; The post-fitting netlist is not being used.  Set the partition's netlist type to source. ;
; ADC:adc|state.CYCLE2~DUPLICATE ; post-fitting ; missing   ; Top                            ; post-synthesis    ; GND                                 ; The post-fitting netlist is not being used.  Set the partition's netlist type to source. ;
; ADC:adc|state.CYCLE3           ; post-fitting ; connected ; Top                            ; post-synthesis    ; ADC:adc|state.CYCLE3                ; N/A                                                                                      ;
; ADC:adc|state.CYCLE3           ; post-fitting ; connected ; Top                            ; post-synthesis    ; ADC:adc|state.CYCLE3                ; N/A                                                                                      ;
; ADC:adc|state.QUIET0           ; post-fitting ; connected ; Top                            ; post-synthesis    ; ADC:adc|state.QUIET0                ; N/A                                                                                      ;
; ADC:adc|state.QUIET0           ; post-fitting ; connected ; Top                            ; post-synthesis    ; ADC:adc|state.QUIET0                ; N/A                                                                                      ;
; ADC:adc|state.QUIET0~DUPLICATE ; post-fitting ; missing   ; Top                            ; post-synthesis    ; GND                                 ; The post-fitting netlist is not being used.  Set the partition's netlist type to source. ;
; ADC:adc|state.QUIET0~DUPLICATE ; post-fitting ; missing   ; Top                            ; post-synthesis    ; GND                                 ; The post-fitting netlist is not being used.  Set the partition's netlist type to source. ;
; ADC:adc|state.QUIET1           ; post-fitting ; connected ; Top                            ; post-synthesis    ; ADC:adc|state.QUIET1                ; N/A                                                                                      ;
; ADC:adc|state.QUIET1           ; post-fitting ; connected ; Top                            ; post-synthesis    ; ADC:adc|state.QUIET1                ; N/A                                                                                      ;
; ADC:adc|state.QUIET1~0         ; post-fitting ; connected ; Top                            ; post-synthesis    ; ADC:adc|state.QUIET1~0              ; N/A                                                                                      ;
; ADC:adc|state.QUIET1~0         ; post-fitting ; connected ; Top                            ; post-synthesis    ; ADC:adc|state.QUIET1~0              ; N/A                                                                                      ;
; ADC:adc|state.QUIET2           ; post-fitting ; connected ; Top                            ; post-synthesis    ; ADC:adc|state.QUIET2                ; N/A                                                                                      ;
; ADC:adc|state.QUIET2           ; post-fitting ; connected ; Top                            ; post-synthesis    ; ADC:adc|state.QUIET2                ; N/A                                                                                      ;
; ADC_DOUT                       ; post-fitting ; connected ; Top                            ; post-synthesis    ; ADC_DOUT                            ; N/A                                                                                      ;
; ADC_DOUT                       ; post-fitting ; connected ; Top                            ; post-synthesis    ; ADC_DOUT                            ; N/A                                                                                      ;
; ADC_DOUT~input                 ; post-fitting ; connected ; Top                            ; post-synthesis    ; ADC_DOUT                            ; N/A                                                                                      ;
; ADC_DOUT~input                 ; post-fitting ; connected ; Top                            ; post-synthesis    ; ADC_DOUT                            ; N/A                                                                                      ;
; LessThan0~0                    ; post-fitting ; connected ; Top                            ; post-synthesis    ; LessThan0~0                         ; N/A                                                                                      ;
; LessThan0~0                    ; post-fitting ; connected ; Top                            ; post-synthesis    ; LessThan0~0                         ; N/A                                                                                      ;
; LessThan1~0                    ; post-fitting ; connected ; Top                            ; post-synthesis    ; LessThan1~0                         ; N/A                                                                                      ;
; LessThan1~0                    ; post-fitting ; connected ; Top                            ; post-synthesis    ; LessThan1~0                         ; N/A                                                                                      ;
; LessThan2~0                    ; post-fitting ; connected ; Top                            ; post-synthesis    ; LessThan2~0                         ; N/A                                                                                      ;
; LessThan2~0                    ; post-fitting ; connected ; Top                            ; post-synthesis    ; LessThan2~0                         ; N/A                                                                                      ;
; LessThan2~1                    ; post-fitting ; connected ; Top                            ; post-synthesis    ; LessThan2~1                         ; N/A                                                                                      ;
; LessThan2~1                    ; post-fitting ; connected ; Top                            ; post-synthesis    ; LessThan2~1                         ; N/A                                                                                      ;
; auto_signaltap_0|gnd           ; post-fitting ; connected ; sld_signaltap:auto_signaltap_0 ; post-synthesis    ; sld_signaltap:auto_signaltap_0|~GND ; N/A                                                                                      ;
; auto_signaltap_0|gnd           ; post-fitting ; connected ; sld_signaltap:auto_signaltap_0 ; post-synthesis    ; sld_signaltap:auto_signaltap_0|~GND ; N/A                                                                                      ;
; auto_signaltap_0|gnd           ; post-fitting ; connected ; sld_signaltap:auto_signaltap_0 ; post-synthesis    ; sld_signaltap:auto_signaltap_0|~GND ; N/A                                                                                      ;
; auto_signaltap_0|gnd           ; post-fitting ; connected ; sld_signaltap:auto_signaltap_0 ; post-synthesis    ; sld_signaltap:auto_signaltap_0|~GND ; N/A                                                                                      ;
; auto_signaltap_0|gnd           ; post-fitting ; connected ; sld_signaltap:auto_signaltap_0 ; post-synthesis    ; sld_signaltap:auto_signaltap_0|~GND ; N/A                                                                                      ;
; auto_signaltap_0|gnd           ; post-fitting ; connected ; sld_signaltap:auto_signaltap_0 ; post-synthesis    ; sld_signaltap:auto_signaltap_0|~GND ; N/A                                                                                      ;
; auto_signaltap_0|gnd           ; post-fitting ; connected ; sld_signaltap:auto_signaltap_0 ; post-synthesis    ; sld_signaltap:auto_signaltap_0|~GND ; N/A                                                                                      ;
; auto_signaltap_0|gnd           ; post-fitting ; connected ; sld_signaltap:auto_signaltap_0 ; post-synthesis    ; sld_signaltap:auto_signaltap_0|~GND ; N/A                                                                                      ;
; auto_signaltap_0|gnd           ; post-fitting ; connected ; sld_signaltap:auto_signaltap_0 ; post-synthesis    ; sld_signaltap:auto_signaltap_0|~GND ; N/A                                                                                      ;
; auto_signaltap_0|gnd           ; post-fitting ; connected ; sld_signaltap:auto_signaltap_0 ; post-synthesis    ; sld_signaltap:auto_signaltap_0|~GND ; N/A                                                                                      ;
; auto_signaltap_0|gnd           ; post-fitting ; connected ; sld_signaltap:auto_signaltap_0 ; post-synthesis    ; sld_signaltap:auto_signaltap_0|~GND ; N/A                                                                                      ;
; auto_signaltap_0|gnd           ; post-fitting ; connected ; sld_signaltap:auto_signaltap_0 ; post-synthesis    ; sld_signaltap:auto_signaltap_0|~GND ; N/A                                                                                      ;
; auto_signaltap_0|gnd           ; post-fitting ; connected ; sld_signaltap:auto_signaltap_0 ; post-synthesis    ; sld_signaltap:auto_signaltap_0|~GND ; N/A                                                                                      ;
; auto_signaltap_0|gnd           ; post-fitting ; connected ; sld_signaltap:auto_signaltap_0 ; post-synthesis    ; sld_signaltap:auto_signaltap_0|~GND ; N/A                                                                                      ;
; auto_signaltap_0|gnd           ; post-fitting ; connected ; sld_signaltap:auto_signaltap_0 ; post-synthesis    ; sld_signaltap:auto_signaltap_0|~GND ; N/A                                                                                      ;
; auto_signaltap_0|gnd           ; post-fitting ; connected ; sld_signaltap:auto_signaltap_0 ; post-synthesis    ; sld_signaltap:auto_signaltap_0|~GND ; N/A                                                                                      ;
; auto_signaltap_0|gnd           ; post-fitting ; connected ; sld_signaltap:auto_signaltap_0 ; post-synthesis    ; sld_signaltap:auto_signaltap_0|~GND ; N/A                                                                                      ;
; auto_signaltap_0|vcc           ; post-fitting ; connected ; sld_signaltap:auto_signaltap_0 ; post-synthesis    ; sld_signaltap:auto_signaltap_0|~VCC ; N/A                                                                                      ;
; auto_signaltap_0|vcc           ; post-fitting ; connected ; sld_signaltap:auto_signaltap_0 ; post-synthesis    ; sld_signaltap:auto_signaltap_0|~VCC ; N/A                                                                                      ;
; auto_signaltap_0|vcc           ; post-fitting ; connected ; sld_signaltap:auto_signaltap_0 ; post-synthesis    ; sld_signaltap:auto_signaltap_0|~VCC ; N/A                                                                                      ;
; auto_signaltap_0|vcc           ; post-fitting ; connected ; sld_signaltap:auto_signaltap_0 ; post-synthesis    ; sld_signaltap:auto_signaltap_0|~VCC ; N/A                                                                                      ;
; auto_signaltap_0|vcc           ; post-fitting ; connected ; sld_signaltap:auto_signaltap_0 ; post-synthesis    ; sld_signaltap:auto_signaltap_0|~VCC ; N/A                                                                                      ;
; auto_signaltap_0|vcc           ; post-fitting ; connected ; sld_signaltap:auto_signaltap_0 ; post-synthesis    ; sld_signaltap:auto_signaltap_0|~VCC ; N/A                                                                                      ;
; auto_signaltap_0|vcc           ; post-fitting ; connected ; sld_signaltap:auto_signaltap_0 ; post-synthesis    ; sld_signaltap:auto_signaltap_0|~VCC ; N/A                                                                                      ;
; auto_signaltap_0|vcc           ; post-fitting ; connected ; sld_signaltap:auto_signaltap_0 ; post-synthesis    ; sld_signaltap:auto_signaltap_0|~VCC ; N/A                                                                                      ;
; auto_signaltap_0|vcc           ; post-fitting ; connected ; sld_signaltap:auto_signaltap_0 ; post-synthesis    ; sld_signaltap:auto_signaltap_0|~VCC ; N/A                                                                                      ;
; auto_signaltap_0|vcc           ; post-fitting ; connected ; sld_signaltap:auto_signaltap_0 ; post-synthesis    ; sld_signaltap:auto_signaltap_0|~VCC ; N/A                                                                                      ;
; auto_signaltap_0|vcc           ; post-fitting ; connected ; sld_signaltap:auto_signaltap_0 ; post-synthesis    ; sld_signaltap:auto_signaltap_0|~VCC ; N/A                                                                                      ;
; auto_signaltap_0|vcc           ; post-fitting ; connected ; sld_signaltap:auto_signaltap_0 ; post-synthesis    ; sld_signaltap:auto_signaltap_0|~VCC ; N/A                                                                                      ;
; auto_signaltap_0|vcc           ; post-fitting ; connected ; sld_signaltap:auto_signaltap_0 ; post-synthesis    ; sld_signaltap:auto_signaltap_0|~VCC ; N/A                                                                                      ;
; auto_signaltap_0|vcc           ; post-fitting ; connected ; sld_signaltap:auto_signaltap_0 ; post-synthesis    ; sld_signaltap:auto_signaltap_0|~VCC ; N/A                                                                                      ;
; auto_signaltap_0|vcc           ; post-fitting ; connected ; sld_signaltap:auto_signaltap_0 ; post-synthesis    ; sld_signaltap:auto_signaltap_0|~VCC ; N/A                                                                                      ;
; clk~inputCLKENA0               ; post-fitting ; connected ; Top                            ; post-synthesis    ; clk                                 ; N/A                                                                                      ;
; leds[0]~reg0                   ; post-fitting ; connected ; Top                            ; post-synthesis    ; leds[0]~reg0                        ; N/A                                                                                      ;
; leds[0]~reg0                   ; post-fitting ; connected ; Top                            ; post-synthesis    ; leds[0]~reg0                        ; N/A                                                                                      ;
; leds[1]~reg0                   ; post-fitting ; connected ; Top                            ; post-synthesis    ; leds[1]~reg0                        ; N/A                                                                                      ;
; leds[1]~reg0                   ; post-fitting ; connected ; Top                            ; post-synthesis    ; leds[1]~reg0                        ; N/A                                                                                      ;
; leds[2]~reg0                   ; post-fitting ; connected ; Top                            ; post-synthesis    ; leds[2]~reg0                        ; N/A                                                                                      ;
; leds[2]~reg0                   ; post-fitting ; connected ; Top                            ; post-synthesis    ; leds[2]~reg0                        ; N/A                                                                                      ;
; leds[3]~reg0                   ; post-fitting ; connected ; Top                            ; post-synthesis    ; leds[3]~reg0                        ; N/A                                                                                      ;
; leds[3]~reg0                   ; post-fitting ; connected ; Top                            ; post-synthesis    ; leds[3]~reg0                        ; N/A                                                                                      ;
; leds[4]~reg0                   ; post-fitting ; connected ; Top                            ; post-synthesis    ; leds[4]~reg0                        ; N/A                                                                                      ;
; leds[4]~reg0                   ; post-fitting ; connected ; Top                            ; post-synthesis    ; leds[4]~reg0                        ; N/A                                                                                      ;
; leds[5]~reg0                   ; post-fitting ; connected ; Top                            ; post-synthesis    ; leds[5]~reg0                        ; N/A                                                                                      ;
; leds[5]~reg0                   ; post-fitting ; connected ; Top                            ; post-synthesis    ; leds[5]~reg0                        ; N/A                                                                                      ;
; leds[6]~reg0                   ; post-fitting ; connected ; Top                            ; post-synthesis    ; leds[6]~reg0                        ; N/A                                                                                      ;
; leds[6]~reg0                   ; post-fitting ; connected ; Top                            ; post-synthesis    ; leds[6]~reg0                        ; N/A                                                                                      ;
; leds[7]~reg0                   ; post-fitting ; connected ; Top                            ; post-synthesis    ; leds[7]~reg0                        ; N/A                                                                                      ;
; leds[7]~reg0                   ; post-fitting ; connected ; Top                            ; post-synthesis    ; leds[7]~reg0                        ; N/A                                                                                      ;
; leds[8]~reg0                   ; post-fitting ; connected ; Top                            ; post-synthesis    ; leds[8]~reg0                        ; N/A                                                                                      ;
; leds[8]~reg0                   ; post-fitting ; connected ; Top                            ; post-synthesis    ; leds[8]~reg0                        ; N/A                                                                                      ;
; leds[9]~reg0                   ; post-fitting ; connected ; Top                            ; post-synthesis    ; leds[9]~reg0                        ; N/A                                                                                      ;
; leds[9]~reg0                   ; post-fitting ; connected ; Top                            ; post-synthesis    ; leds[9]~reg0                        ; N/A                                                                                      ;
; leds~0                         ; post-fitting ; connected ; Top                            ; post-synthesis    ; leds~0                              ; N/A                                                                                      ;
; leds~0                         ; post-fitting ; connected ; Top                            ; post-synthesis    ; leds~0                              ; N/A                                                                                      ;
; leds~1                         ; post-fitting ; connected ; Top                            ; post-synthesis    ; leds~1                              ; N/A                                                                                      ;
; leds~1                         ; post-fitting ; connected ; Top                            ; post-synthesis    ; leds~1                              ; N/A                                                                                      ;
; leds~2                         ; post-fitting ; connected ; Top                            ; post-synthesis    ; leds~2                              ; N/A                                                                                      ;
; leds~2                         ; post-fitting ; connected ; Top                            ; post-synthesis    ; leds~2                              ; N/A                                                                                      ;
; leds~3                         ; post-fitting ; connected ; Top                            ; post-synthesis    ; leds~3                              ; N/A                                                                                      ;
; leds~3                         ; post-fitting ; connected ; Top                            ; post-synthesis    ; leds~3                              ; N/A                                                                                      ;
; leds~4                         ; post-fitting ; connected ; Top                            ; post-synthesis    ; leds~4                              ; N/A                                                                                      ;
; leds~4                         ; post-fitting ; connected ; Top                            ; post-synthesis    ; leds~4                              ; N/A                                                                                      ;
; leds~5                         ; post-fitting ; connected ; Top                            ; post-synthesis    ; leds~5                              ; N/A                                                                                      ;
; leds~5                         ; post-fitting ; connected ; Top                            ; post-synthesis    ; leds~5                              ; N/A                                                                                      ;
; leds~6                         ; post-fitting ; connected ; Top                            ; post-synthesis    ; leds~6                              ; N/A                                                                                      ;
; leds~6                         ; post-fitting ; connected ; Top                            ; post-synthesis    ; leds~6                              ; N/A                                                                                      ;
+--------------------------------+--------------+-----------+--------------------------------+-------------------+-------------------------------------+------------------------------------------------------------------------------------------+


+-----------------------------------------------------------------------------------------------------------------------------------------+
; Partition Merge Partition Statistics                                                                                                    ;
+---------------------------------------------+------+------------------+--------------------------------+--------------------------------+
; Statistic                                   ; Top  ; sld_hub:auto_hub ; sld_signaltap:auto_signaltap_0 ; hard_block:auto_generated_inst ;
+---------------------------------------------+------+------------------+--------------------------------+--------------------------------+
; Estimate of Logic utilization (ALMs needed) ; 31   ; 63               ; 705                            ; 0                              ;
;                                             ;      ;                  ;                                ;                                ;
; Combinational ALUT usage for logic          ; 27   ; 91               ; 318                            ; 0                              ;
;     -- 7 input functions                    ; 1    ; 0                ; 0                              ; 0                              ;
;     -- 6 input functions                    ; 5    ; 12               ; 73                             ; 0                              ;
;     -- 5 input functions                    ; 7    ; 25               ; 114                            ; 0                              ;
;     -- 4 input functions                    ; 5    ; 17               ; 25                             ; 0                              ;
;     -- <=3 input functions                  ; 9    ; 37               ; 106                            ; 0                              ;
; Memory ALUT usage                           ; 0    ; 0                ; 0                              ; 0                              ;
;     -- 64-address deep                      ; 0    ; 0                ; 0                              ; 0                              ;
;     -- 32-address deep                      ; 0    ; 0                ; 0                              ; 0                              ;
;                                             ;      ;                  ;                                ;                                ;
; Dedicated logic registers                   ; 53   ; 91               ; 1342                           ; 0                              ;
;                                             ;      ;                  ;                                ;                                ;
;                                             ;      ;                  ;                                ;                                ;
; I/O pins                                    ; 58   ; 0                ; 0                              ; 0                              ;
; I/O registers                               ; 0    ; 0                ; 0                              ; 0                              ;
; Total block memory bits                     ; 0    ; 0                ; 11392                          ; 0                              ;
; Total block memory implementation bits      ; 0    ; 0                ; 0                              ; 0                              ;
; JTAG                                        ; 0    ; 0                ; 0                              ; 1                              ;
;                                             ;      ;                  ;                                ;                                ;
; Connections                                 ;      ;                  ;                                ;                                ;
;     -- Input Connections                    ; 0    ; 134              ; 2035                           ; 1                              ;
;     -- Registered Input Connections         ; 0    ; 110              ; 1539                           ; 0                              ;
;     -- Output Connections                   ; 1079 ; 310              ; 34                             ; 747                            ;
;     -- Registered Output Connections        ; 70   ; 310              ; 0                              ; 0                              ;
;                                             ;      ;                  ;                                ;                                ;
; Internal Connections                        ;      ;                  ;                                ;                                ;
;     -- Total Connections                    ; 1393 ; 958              ; 7162                           ; 756                            ;
;     -- Registered Connections               ; 216  ; 781              ; 5389                           ; 0                              ;
;                                             ;      ;                  ;                                ;                                ;
; External Connections                        ;      ;                  ;                                ;                                ;
;     -- Top                                  ; 0    ; 0                ; 1079                           ; 0                              ;
;     -- sld_hub:auto_hub                     ; 0    ; 20               ; 301                            ; 123                            ;
;     -- sld_signaltap:auto_signaltap_0       ; 1079 ; 301              ; 64                             ; 625                            ;
;     -- hard_block:auto_generated_inst       ; 0    ; 123              ; 625                            ; 0                              ;
;                                             ;      ;                  ;                                ;                                ;
; Partition Interface                         ;      ;                  ;                                ;                                ;
;     -- Input Ports                          ; 15   ; 45               ; 336                            ; 4                              ;
;     -- Output Ports                         ; 47   ; 62               ; 193                            ; 9                              ;
;     -- Bidir Ports                          ; 0    ; 0                ; 0                              ; 0                              ;
;                                             ;      ;                  ;                                ;                                ;
; Registered Ports                            ;      ;                  ;                                ;                                ;
;     -- Registered Input Ports               ; 0    ; 13               ; 183                            ; 0                              ;
;     -- Registered Output Ports              ; 0    ; 29               ; 179                            ; 0                              ;
;                                             ;      ;                  ;                                ;                                ;
; Port Connectivity                           ;      ;                  ;                                ;                                ;
;     -- Input Ports driven by GND            ; 0    ; 0                ; 75                             ; 0                              ;
;     -- Output Ports driven by GND           ; 0    ; 28               ; 2                              ; 0                              ;
;     -- Input Ports driven by VCC            ; 0    ; 0                ; 15                             ; 0                              ;
;     -- Output Ports driven by VCC           ; 0    ; 0                ; 1                              ; 0                              ;
;     -- Input Ports with no Source           ; 0    ; 25               ; 93                             ; 0                              ;
;     -- Output Ports with no Source          ; 0    ; 0                ; 0                              ; 0                              ;
;     -- Input Ports with no Fanout           ; 0    ; 30               ; 107                            ; 0                              ;
;     -- Output Ports with no Fanout          ; 0    ; 29               ; 181                            ; 0                              ;
+---------------------------------------------+------+------------------+--------------------------------+--------------------------------+
Note: Resource usage numbers presented for Partitions containing post-synthesis logic are estimates.  For Partitions containing post-fit logic, resource usage numbers are accurate based on previous placement information.  Actual Fitter results may vary depending on current Fitter Preservation Level assignments.


+----------------------------------------------------------------------------------------+
; Partition Merge Partition Pin Processing                                               ;
+-----------------------------------+-----------+---------------+----------+-------------+
; Name                              ; Partition ; Type          ; Location ; Status      ;
+-----------------------------------+-----------+---------------+----------+-------------+
; ADC_CS_N                          ; Top       ; Output Port   ; n/a      ;             ;
;     -- ADC_CS_N                   ; Top       ; Output Pad    ; Unplaced ; Synthesized ;
;     -- ADC_CS_N~output            ; Top       ; Output Buffer ; Unplaced ; Synthesized ;
;                                   ;           ;               ;          ;             ;
; ADC_DIN                           ; Top       ; Output Port   ; n/a      ;             ;
;     -- ADC_DIN                    ; Top       ; Output Pad    ; Unplaced ; Synthesized ;
;     -- ADC_DIN~output             ; Top       ; Output Buffer ; Unplaced ; Synthesized ;
;                                   ;           ;               ;          ;             ;
; ADC_DOUT                          ; Top       ; Input Port    ; n/a      ;             ;
;     -- ADC_DOUT                   ; Top       ; Input Pad     ; Unplaced ; Synthesized ;
;     -- ADC_DOUT~input             ; Top       ; Input Buffer  ; Unplaced ; Synthesized ;
;                                   ;           ;               ;          ;             ;
; ADC_SCLK                          ; Top       ; Output Port   ; n/a      ;             ;
;     -- ADC_SCLK                   ; Top       ; Output Pad    ; Unplaced ; Synthesized ;
;     -- ADC_SCLK~output            ; Top       ; Output Buffer ; Unplaced ; Synthesized ;
;                                   ;           ;               ;          ;             ;
; SW[0]                             ; Top       ; Input Port    ; n/a      ;             ;
;     -- SW[0]                      ; Top       ; Input Pad     ; Unplaced ; Synthesized ;
;     -- SW[0]~input                ; Top       ; Input Buffer  ; Unplaced ; Synthesized ;
;                                   ;           ;               ;          ;             ;
; SW[1]                             ; Top       ; Input Port    ; n/a      ;             ;
;     -- SW[1]                      ; Top       ; Input Pad     ; Unplaced ; Synthesized ;
;     -- SW[1]~input                ; Top       ; Input Buffer  ; Unplaced ; Synthesized ;
;                                   ;           ;               ;          ;             ;
; SW[2]                             ; Top       ; Input Port    ; n/a      ;             ;
;     -- SW[2]                      ; Top       ; Input Pad     ; Unplaced ; Synthesized ;
;     -- SW[2]~input                ; Top       ; Input Buffer  ; Unplaced ; Synthesized ;
;                                   ;           ;               ;          ;             ;
; SW[3]                             ; Top       ; Input Port    ; n/a      ;             ;
;     -- SW[3]                      ; Top       ; Input Pad     ; Unplaced ; Synthesized ;
;     -- SW[3]~input                ; Top       ; Input Buffer  ; Unplaced ; Synthesized ;
;                                   ;           ;               ;          ;             ;
; SW[4]                             ; Top       ; Input Port    ; n/a      ;             ;
;     -- SW[4]                      ; Top       ; Input Pad     ; Unplaced ; Synthesized ;
;     -- SW[4]~input                ; Top       ; Input Buffer  ; Unplaced ; Synthesized ;
;                                   ;           ;               ;          ;             ;
; SW[5]                             ; Top       ; Input Port    ; n/a      ;             ;
;     -- SW[5]                      ; Top       ; Input Pad     ; Unplaced ; Synthesized ;
;     -- SW[5]~input                ; Top       ; Input Buffer  ; Unplaced ; Synthesized ;
;                                   ;           ;               ;          ;             ;
; SW[6]                             ; Top       ; Input Port    ; n/a      ;             ;
;     -- SW[6]                      ; Top       ; Input Pad     ; Unplaced ; Synthesized ;
;     -- SW[6]~input                ; Top       ; Input Buffer  ; Unplaced ; Synthesized ;
;                                   ;           ;               ;          ;             ;
; SW[7]                             ; Top       ; Input Port    ; n/a      ;             ;
;     -- SW[7]                      ; Top       ; Input Pad     ; Unplaced ; Synthesized ;
;     -- SW[7]~input                ; Top       ; Input Buffer  ; Unplaced ; Synthesized ;
;                                   ;           ;               ;          ;             ;
; SW[8]                             ; Top       ; Input Port    ; n/a      ;             ;
;     -- SW[8]                      ; Top       ; Input Pad     ; Unplaced ; Synthesized ;
;     -- SW[8]~input                ; Top       ; Input Buffer  ; Unplaced ; Synthesized ;
;                                   ;           ;               ;          ;             ;
; SW[9]                             ; Top       ; Input Port    ; n/a      ;             ;
;     -- SW[9]                      ; Top       ; Input Pad     ; Unplaced ; Synthesized ;
;     -- SW[9]~input                ; Top       ; Input Buffer  ; Unplaced ; Synthesized ;
;                                   ;           ;               ;          ;             ;
; VGA_BLANK_N                       ; Top       ; Output Port   ; n/a      ;             ;
;     -- VGA_BLANK_N                ; Top       ; Output Pad    ; Unplaced ; Synthesized ;
;     -- VGA_BLANK_N~output         ; Top       ; Output Buffer ; Unplaced ; Synthesized ;
;                                   ;           ;               ;          ;             ;
; VGA_B[0]                          ; Top       ; Output Port   ; n/a      ;             ;
;     -- VGA_B[0]                   ; Top       ; Output Pad    ; Unplaced ; Synthesized ;
;     -- VGA_B[0]~output            ; Top       ; Output Buffer ; Unplaced ; Synthesized ;
;                                   ;           ;               ;          ;             ;
; VGA_B[1]                          ; Top       ; Output Port   ; n/a      ;             ;
;     -- VGA_B[1]                   ; Top       ; Output Pad    ; Unplaced ; Synthesized ;
;     -- VGA_B[1]~output            ; Top       ; Output Buffer ; Unplaced ; Synthesized ;
;                                   ;           ;               ;          ;             ;
; VGA_B[2]                          ; Top       ; Output Port   ; n/a      ;             ;
;     -- VGA_B[2]                   ; Top       ; Output Pad    ; Unplaced ; Synthesized ;
;     -- VGA_B[2]~output            ; Top       ; Output Buffer ; Unplaced ; Synthesized ;
;                                   ;           ;               ;          ;             ;
; VGA_B[3]                          ; Top       ; Output Port   ; n/a      ;             ;
;     -- VGA_B[3]                   ; Top       ; Output Pad    ; Unplaced ; Synthesized ;
;     -- VGA_B[3]~output            ; Top       ; Output Buffer ; Unplaced ; Synthesized ;
;                                   ;           ;               ;          ;             ;
; VGA_B[4]                          ; Top       ; Output Port   ; n/a      ;             ;
;     -- VGA_B[4]                   ; Top       ; Output Pad    ; Unplaced ; Synthesized ;
;     -- VGA_B[4]~output            ; Top       ; Output Buffer ; Unplaced ; Synthesized ;
;                                   ;           ;               ;          ;             ;
; VGA_B[5]                          ; Top       ; Output Port   ; n/a      ;             ;
;     -- VGA_B[5]                   ; Top       ; Output Pad    ; Unplaced ; Synthesized ;
;     -- VGA_B[5]~output            ; Top       ; Output Buffer ; Unplaced ; Synthesized ;
;                                   ;           ;               ;          ;             ;
; VGA_B[6]                          ; Top       ; Output Port   ; n/a      ;             ;
;     -- VGA_B[6]                   ; Top       ; Output Pad    ; Unplaced ; Synthesized ;
;     -- VGA_B[6]~output            ; Top       ; Output Buffer ; Unplaced ; Synthesized ;
;                                   ;           ;               ;          ;             ;
; VGA_B[7]                          ; Top       ; Output Port   ; n/a      ;             ;
;     -- VGA_B[7]                   ; Top       ; Output Pad    ; Unplaced ; Synthesized ;
;     -- VGA_B[7]~output            ; Top       ; Output Buffer ; Unplaced ; Synthesized ;
;                                   ;           ;               ;          ;             ;
; VGA_CLK                           ; Top       ; Output Port   ; n/a      ;             ;
;     -- VGA_CLK                    ; Top       ; Output Pad    ; Unplaced ; Synthesized ;
;     -- VGA_CLK~output             ; Top       ; Output Buffer ; Unplaced ; Synthesized ;
;                                   ;           ;               ;          ;             ;
; VGA_G[0]                          ; Top       ; Output Port   ; n/a      ;             ;
;     -- VGA_G[0]                   ; Top       ; Output Pad    ; Unplaced ; Synthesized ;
;     -- VGA_G[0]~output            ; Top       ; Output Buffer ; Unplaced ; Synthesized ;
;                                   ;           ;               ;          ;             ;
; VGA_G[1]                          ; Top       ; Output Port   ; n/a      ;             ;
;     -- VGA_G[1]                   ; Top       ; Output Pad    ; Unplaced ; Synthesized ;
;     -- VGA_G[1]~output            ; Top       ; Output Buffer ; Unplaced ; Synthesized ;
;                                   ;           ;               ;          ;             ;
; VGA_G[2]                          ; Top       ; Output Port   ; n/a      ;             ;
;     -- VGA_G[2]                   ; Top       ; Output Pad    ; Unplaced ; Synthesized ;
;     -- VGA_G[2]~output            ; Top       ; Output Buffer ; Unplaced ; Synthesized ;
;                                   ;           ;               ;          ;             ;
; VGA_G[3]                          ; Top       ; Output Port   ; n/a      ;             ;
;     -- VGA_G[3]                   ; Top       ; Output Pad    ; Unplaced ; Synthesized ;
;     -- VGA_G[3]~output            ; Top       ; Output Buffer ; Unplaced ; Synthesized ;
;                                   ;           ;               ;          ;             ;
; VGA_G[4]                          ; Top       ; Output Port   ; n/a      ;             ;
;     -- VGA_G[4]                   ; Top       ; Output Pad    ; Unplaced ; Synthesized ;
;     -- VGA_G[4]~output            ; Top       ; Output Buffer ; Unplaced ; Synthesized ;
;                                   ;           ;               ;          ;             ;
; VGA_G[5]                          ; Top       ; Output Port   ; n/a      ;             ;
;     -- VGA_G[5]                   ; Top       ; Output Pad    ; Unplaced ; Synthesized ;
;     -- VGA_G[5]~output            ; Top       ; Output Buffer ; Unplaced ; Synthesized ;
;                                   ;           ;               ;          ;             ;
; VGA_G[6]                          ; Top       ; Output Port   ; n/a      ;             ;
;     -- VGA_G[6]                   ; Top       ; Output Pad    ; Unplaced ; Synthesized ;
;     -- VGA_G[6]~output            ; Top       ; Output Buffer ; Unplaced ; Synthesized ;
;                                   ;           ;               ;          ;             ;
; VGA_G[7]                          ; Top       ; Output Port   ; n/a      ;             ;
;     -- VGA_G[7]                   ; Top       ; Output Pad    ; Unplaced ; Synthesized ;
;     -- VGA_G[7]~output            ; Top       ; Output Buffer ; Unplaced ; Synthesized ;
;                                   ;           ;               ;          ;             ;
; VGA_HS                            ; Top       ; Output Port   ; n/a      ;             ;
;     -- VGA_HS                     ; Top       ; Output Pad    ; Unplaced ; Synthesized ;
;     -- VGA_HS~output              ; Top       ; Output Buffer ; Unplaced ; Synthesized ;
;                                   ;           ;               ;          ;             ;
; VGA_R[0]                          ; Top       ; Output Port   ; n/a      ;             ;
;     -- VGA_R[0]                   ; Top       ; Output Pad    ; Unplaced ; Synthesized ;
;     -- VGA_R[0]~output            ; Top       ; Output Buffer ; Unplaced ; Synthesized ;
;                                   ;           ;               ;          ;             ;
; VGA_R[1]                          ; Top       ; Output Port   ; n/a      ;             ;
;     -- VGA_R[1]                   ; Top       ; Output Pad    ; Unplaced ; Synthesized ;
;     -- VGA_R[1]~output            ; Top       ; Output Buffer ; Unplaced ; Synthesized ;
;                                   ;           ;               ;          ;             ;
; VGA_R[2]                          ; Top       ; Output Port   ; n/a      ;             ;
;     -- VGA_R[2]                   ; Top       ; Output Pad    ; Unplaced ; Synthesized ;
;     -- VGA_R[2]~output            ; Top       ; Output Buffer ; Unplaced ; Synthesized ;
;                                   ;           ;               ;          ;             ;
; VGA_R[3]                          ; Top       ; Output Port   ; n/a      ;             ;
;     -- VGA_R[3]                   ; Top       ; Output Pad    ; Unplaced ; Synthesized ;
;     -- VGA_R[3]~output            ; Top       ; Output Buffer ; Unplaced ; Synthesized ;
;                                   ;           ;               ;          ;             ;
; VGA_R[4]                          ; Top       ; Output Port   ; n/a      ;             ;
;     -- VGA_R[4]                   ; Top       ; Output Pad    ; Unplaced ; Synthesized ;
;     -- VGA_R[4]~output            ; Top       ; Output Buffer ; Unplaced ; Synthesized ;
;                                   ;           ;               ;          ;             ;
; VGA_R[5]                          ; Top       ; Output Port   ; n/a      ;             ;
;     -- VGA_R[5]                   ; Top       ; Output Pad    ; Unplaced ; Synthesized ;
;     -- VGA_R[5]~output            ; Top       ; Output Buffer ; Unplaced ; Synthesized ;
;                                   ;           ;               ;          ;             ;
; VGA_R[6]                          ; Top       ; Output Port   ; n/a      ;             ;
;     -- VGA_R[6]                   ; Top       ; Output Pad    ; Unplaced ; Synthesized ;
;     -- VGA_R[6]~output            ; Top       ; Output Buffer ; Unplaced ; Synthesized ;
;                                   ;           ;               ;          ;             ;
; VGA_R[7]                          ; Top       ; Output Port   ; n/a      ;             ;
;     -- VGA_R[7]                   ; Top       ; Output Pad    ; Unplaced ; Synthesized ;
;     -- VGA_R[7]~output            ; Top       ; Output Buffer ; Unplaced ; Synthesized ;
;                                   ;           ;               ;          ;             ;
; VGA_VS                            ; Top       ; Output Port   ; n/a      ;             ;
;     -- VGA_VS                     ; Top       ; Output Pad    ; Unplaced ; Synthesized ;
;     -- VGA_VS~output              ; Top       ; Output Buffer ; Unplaced ; Synthesized ;
;                                   ;           ;               ;          ;             ;
; altera_reserved_tck               ; Top       ; Input Port    ; n/a      ;             ;
;     -- altera_reserved_tck        ; Top       ; Input Pad     ; Unplaced ; Synthesized ;
;     -- altera_reserved_tck~input  ; Top       ; Input Buffer  ; Unplaced ; Synthesized ;
;                                   ;           ;               ;          ;             ;
; altera_reserved_tdi               ; Top       ; Input Port    ; n/a      ;             ;
;     -- altera_reserved_tdi        ; Top       ; Input Pad     ; Unplaced ; Synthesized ;
;     -- altera_reserved_tdi~input  ; Top       ; Input Buffer  ; Unplaced ; Synthesized ;
;                                   ;           ;               ;          ;             ;
; altera_reserved_tdo               ; Top       ; Output Port   ; n/a      ;             ;
;     -- altera_reserved_tdo        ; Top       ; Output Pad    ; Unplaced ; Synthesized ;
;     -- altera_reserved_tdo~output ; Top       ; Output Buffer ; Unplaced ; Synthesized ;
;                                   ;           ;               ;          ;             ;
; altera_reserved_tms               ; Top       ; Input Port    ; n/a      ;             ;
;     -- altera_reserved_tms        ; Top       ; Input Pad     ; Unplaced ; Synthesized ;
;     -- altera_reserved_tms~input  ; Top       ; Input Buffer  ; Unplaced ; Synthesized ;
;                                   ;           ;               ;          ;             ;
; arrowData[0]                      ; Top       ; Output Port   ; n/a      ;             ;
;     -- arrowData[0]               ; Top       ; Output Pad    ; Unplaced ; Synthesized ;
;     -- arrowData[0]~output        ; Top       ; Output Buffer ; Unplaced ; Synthesized ;
;                                   ;           ;               ;          ;             ;
; arrowData[1]                      ; Top       ; Output Port   ; n/a      ;             ;
;     -- arrowData[1]               ; Top       ; Output Pad    ; Unplaced ; Synthesized ;
;     -- arrowData[1]~output        ; Top       ; Output Buffer ; Unplaced ; Synthesized ;
;                                   ;           ;               ;          ;             ;
; arrowData[2]                      ; Top       ; Output Port   ; n/a      ;             ;
;     -- arrowData[2]               ; Top       ; Output Pad    ; Unplaced ; Synthesized ;
;     -- arrowData[2]~output        ; Top       ; Output Buffer ; Unplaced ; Synthesized ;
;                                   ;           ;               ;          ;             ;
; arrowData[3]                      ; Top       ; Output Port   ; n/a      ;             ;
;     -- arrowData[3]               ; Top       ; Output Pad    ; Unplaced ; Synthesized ;
;     -- arrowData[3]~output        ; Top       ; Output Buffer ; Unplaced ; Synthesized ;
;                                   ;           ;               ;          ;             ;
; arrowData[4]                      ; Top       ; Output Port   ; n/a      ;             ;
;     -- arrowData[4]               ; Top       ; Output Pad    ; Unplaced ; Synthesized ;
;     -- arrowData[4]~output        ; Top       ; Output Buffer ; Unplaced ; Synthesized ;
;                                   ;           ;               ;          ;             ;
; clk                               ; Top       ; Input Port    ; n/a      ;             ;
;     -- clk                        ; Top       ; Input Pad     ; Unplaced ; Synthesized ;
;     -- clk~input                  ; Top       ; Input Buffer  ; Unplaced ; Synthesized ;
;                                   ;           ;               ;          ;             ;
; leds[0]                           ; Top       ; Output Port   ; n/a      ;             ;
;     -- leds[0]                    ; Top       ; Output Pad    ; Unplaced ; Synthesized ;
;     -- leds[0]~output             ; Top       ; Output Buffer ; Unplaced ; Synthesized ;
;                                   ;           ;               ;          ;             ;
; leds[1]                           ; Top       ; Output Port   ; n/a      ;             ;
;     -- leds[1]                    ; Top       ; Output Pad    ; Unplaced ; Synthesized ;
;     -- leds[1]~output             ; Top       ; Output Buffer ; Unplaced ; Synthesized ;
;                                   ;           ;               ;          ;             ;
; leds[2]                           ; Top       ; Output Port   ; n/a      ;             ;
;     -- leds[2]                    ; Top       ; Output Pad    ; Unplaced ; Synthesized ;
;     -- leds[2]~output             ; Top       ; Output Buffer ; Unplaced ; Synthesized ;
;                                   ;           ;               ;          ;             ;
; leds[3]                           ; Top       ; Output Port   ; n/a      ;             ;
;     -- leds[3]                    ; Top       ; Output Pad    ; Unplaced ; Synthesized ;
;     -- leds[3]~output             ; Top       ; Output Buffer ; Unplaced ; Synthesized ;
;                                   ;           ;               ;          ;             ;
; leds[4]                           ; Top       ; Output Port   ; n/a      ;             ;
;     -- leds[4]                    ; Top       ; Output Pad    ; Unplaced ; Synthesized ;
;     -- leds[4]~output             ; Top       ; Output Buffer ; Unplaced ; Synthesized ;
;                                   ;           ;               ;          ;             ;
; leds[5]                           ; Top       ; Output Port   ; n/a      ;             ;
;     -- leds[5]                    ; Top       ; Output Pad    ; Unplaced ; Synthesized ;
;     -- leds[5]~output             ; Top       ; Output Buffer ; Unplaced ; Synthesized ;
;                                   ;           ;               ;          ;             ;
; leds[6]                           ; Top       ; Output Port   ; n/a      ;             ;
;     -- leds[6]                    ; Top       ; Output Pad    ; Unplaced ; Synthesized ;
;     -- leds[6]~output             ; Top       ; Output Buffer ; Unplaced ; Synthesized ;
;                                   ;           ;               ;          ;             ;
; leds[7]                           ; Top       ; Output Port   ; n/a      ;             ;
;     -- leds[7]                    ; Top       ; Output Pad    ; Unplaced ; Synthesized ;
;     -- leds[7]~output             ; Top       ; Output Buffer ; Unplaced ; Synthesized ;
;                                   ;           ;               ;          ;             ;
; leds[8]                           ; Top       ; Output Port   ; n/a      ;             ;
;     -- leds[8]                    ; Top       ; Output Pad    ; Unplaced ; Synthesized ;
;     -- leds[8]~output             ; Top       ; Output Buffer ; Unplaced ; Synthesized ;
;                                   ;           ;               ;          ;             ;
; leds[9]                           ; Top       ; Output Port   ; n/a      ;             ;
;     -- leds[9]                    ; Top       ; Output Pad    ; Unplaced ; Synthesized ;
;     -- leds[9]~output             ; Top       ; Output Buffer ; Unplaced ; Synthesized ;
;                                   ;           ;               ;          ;             ;
+-----------------------------------+-----------+---------------+----------+-------------+


+---------------------------------------------------------+
; Partition Merge Resource Usage Summary                  ;
+---------------------------------------------+-----------+
; Resource                                    ; Usage     ;
+---------------------------------------------+-----------+
; Estimate of Logic utilization (ALMs needed) ; 794       ;
;                                             ;           ;
; Combinational ALUT usage for logic          ; 436       ;
;     -- 7 input functions                    ; 1         ;
;     -- 6 input functions                    ; 90        ;
;     -- 5 input functions                    ; 146       ;
;     -- 4 input functions                    ; 47        ;
;     -- <=3 input functions                  ; 152       ;
;                                             ;           ;
; Dedicated logic registers                   ; 1486      ;
;                                             ;           ;
; I/O pins                                    ; 58        ;
; Total MLAB memory bits                      ; 0         ;
; Total block memory bits                     ; 11392     ;
;                                             ;           ;
; Total DSP Blocks                            ; 0         ;
;                                             ;           ;
; Maximum fan-out node                        ; clk~input ;
; Maximum fan-out                             ; 954       ;
; Total fan-out                               ; 8023      ;
; Average fan-out                             ; 3.76      ;
+---------------------------------------------+-----------+


+------------------------------------------------------------------------------------------------------------------------------------------------------------------------------------------------------------------------------------------------------------------------------------------------------------+
; Partition Merge RAM Summary                                                                                                                                                                                                                                                                                ;
+-------------------------------------------------------------------------------------------------------------------------------------------------------------------------------------------------------+------+------------------+--------------+--------------+--------------+--------------+-------+------+
; Name                                                                                                                                                                                                  ; Type ; Mode             ; Port A Depth ; Port A Width ; Port B Depth ; Port B Width ; Size  ; MIF  ;
+-------------------------------------------------------------------------------------------------------------------------------------------------------------------------------------------------------+------+------------------+--------------+--------------+--------------+--------------+-------+------+
; sld_signaltap:auto_signaltap_0|sld_signaltap_impl:sld_signaltap_body|sld_signaltap_implb:sld_signaltap_body|altsyncram:\stp_non_zero_ram_gen:stp_buffer_ram|altsyncram_8c84:auto_generated|ALTSYNCRAM ; AUTO ; Simple Dual Port ; 128          ; 89           ; 128          ; 89           ; 11392 ; None ;
+-------------------------------------------------------------------------------------------------------------------------------------------------------------------------------------------------------+------+------------------+--------------+--------------+--------------+--------------+-------+------+


+--------------------------+
; Partition Merge Messages ;
+--------------------------+
Info: *******************************************************************
Info: Running Quartus Prime Partition Merge
    Info: Version 16.1.0 Build 196 10/24/2016 SJ Lite Edition
    Info: Processing started: Thu Aug 03 20:35:23 2017
Info: Command: quartus_cdb --read_settings_files=off --write_settings_files=off DanceCentralRevolution -c DanceCentralRevolution --merge=on
Warning (18236): Number of processors has not been specified which may cause overloading on shared machines.  Set the global assignment NUM_PARALLEL_PROCESSORS in your QSF to an appropriate value for best performance.
Info (35007): Using synthesis netlist for partition "Top"
Info (35007): Using synthesis netlist for partition "sld_hub:auto_hub"
Info (35007): Using synthesis netlist for partition "sld_signaltap:auto_signaltap_0"
Critical Warning (35025): Partially connected in-system debug instance "auto_signaltap_0" to 153 of its 211 required data inputs, trigger inputs, acquisition clocks, and dynamic pins.  There were 0 illegal, 0 inaccessible, and 58 missing sources or connections.
Info (35002): Resolved and merged 3 partition(s)
Info (16010): Generating hard_block partition "hard_block:auto_generated_inst"
    Info (16011): Adding 9 node(s), including 0 DDIO, 0 PLL, 0 transceiver and 0 LCELL
Critical Warning (138067): Current license file does not support incremental compilation. The Quartus Prime software removes all the user-specified design partitions in the design automatically.
Warning (21074): Design contains 10 input pin(s) that do not drive logic
    Warning (15610): No output dependent on input pin "SW[0]" File: D:/Advanced Digital Circuit/DanceCentralRevolution/DanceCentralRevolution.v Line: 4
    Warning (15610): No output dependent on input pin "SW[1]" File: D:/Advanced Digital Circuit/DanceCentralRevolution/DanceCentralRevolution.v Line: 4
    Warning (15610): No output dependent on input pin "SW[2]" File: D:/Advanced Digital Circuit/DanceCentralRevolution/DanceCentralRevolution.v Line: 4
    Warning (15610): No output dependent on input pin "SW[3]" File: D:/Advanced Digital Circuit/DanceCentralRevolution/DanceCentralRevolution.v Line: 4
    Warning (15610): No output dependent on input pin "SW[4]" File: D:/Advanced Digital Circuit/DanceCentralRevolution/DanceCentralRevolution.v Line: 4
    Warning (15610): No output dependent on input pin "SW[5]" File: D:/Advanced Digital Circuit/DanceCentralRevolution/DanceCentralRevolution.v Line: 4
    Warning (15610): No output dependent on input pin "SW[6]" File: D:/Advanced Digital Circuit/DanceCentralRevolution/DanceCentralRevolution.v Line: 4
    Warning (15610): No output dependent on input pin "SW[7]" File: D:/Advanced Digital Circuit/DanceCentralRevolution/DanceCentralRevolution.v Line: 4
    Warning (15610): No output dependent on input pin "SW[8]" File: D:/Advanced Digital Circuit/DanceCentralRevolution/DanceCentralRevolution.v Line: 4
    Warning (15610): No output dependent on input pin "SW[9]" File: D:/Advanced Digital Circuit/DanceCentralRevolution/DanceCentralRevolution.v Line: 4
Info (21057): Implemented 1820 device resources after synthesis - the final resource count might be different
    Info (21058): Implemented 15 input pins
    Info (21059): Implemented 47 output pins
    Info (21061): Implemented 1668 logic cells
    Info (21064): Implemented 89 RAM segments
Info: Quartus Prime Partition Merge was successful. 0 errors, 14 warnings
    Info: Peak virtual memory: 601 megabytes
    Info: Processing ended: Thu Aug 03 20:35:24 2017
    Info: Elapsed time: 00:00:01
    Info: Total CPU time (on all processors): 00:00:01


